<?xml version="1.0" encoding="utf-8" standalone="no"?>
<test-run start-time="2018-09-18 16:04:10Z">
  <command-line><![CDATA["C:\Users\Developer\Documents\GitHub\EFExample\packages\NUnit.ConsoleRunner.3.9.0\tools\nunit3-console.exe" "C:\Users\Developer\Documents\GitHub\EFExample\EFCodeFirstTest\bin\Debug\EFCodeFirstTest.dll"]]></command-line>
</test-run>